This is pdfTeX, Version 3.1415926-2.5-1.40.14 (MiKTeX 2.9 64-bit) (preloaded format=pdflatex 2014.5.27)  28 JAN 2015 14:49
entering extended mode
**D:/UlfT/Experimente/Human_experiments/social_info/Children_8_10/Toelch_weight
*of*social*info*lifespan_150127.tex

("D:/UlfT/Experimente/Human_experiments/social_info/Children_8_10/Toelch_weight
 of social info lifespan_150127.tex"
LaTeX2e <2014/05/01>
Babel <3.9k> and hyphenation patterns for 68 languages loaded.
(C:\Users\Ulf\AppData\Roaming\MiKTeX\2.9\tex\latex\apa\apa.cls
Document Class: apa 2008/12/09 American Psychological Association format v1.3.4


Class apa Warning: Using BibTeX with apacite for citations and references.

("C:\Program Files\MiKTeX 2.9\tex\latex\base\article.cls"
Document Class: article 2007/10/19 v1.4h Standard LaTeX document class
("C:\Program Files\MiKTeX 2.9\tex\latex\base\size11.clo"
File: size11.clo 2007/10/19 v1.4h Standard LaTeX file (size option)
)
\c@part=\count79
\c@section=\count80
\c@subsection=\count81
\c@subsubsection=\count82
\c@paragraph=\count83
\c@subparagraph=\count84
\c@figure=\count85
\c@table=\count86
\abovecaptionskip=\skip41
\belowcaptionskip=\skip42
\bibindent=\dimen102
)
(C:\Users\Ulf\AppData\Roaming\MiKTeX\2.9\tex\latex\apacite\apacite.sty
Package: apacite 2012/02/25 v6.01 APA citation
\c@BibCnt=\count87
\bibleftmargin=\skip43
\bibindent=\skip44
\bibparsep=\skip45
\bibitemsep=\skip46
\biblabelsep=\skip47
)
\b@level@one@skip=\skip48
\e@level@one@skip=\skip49
\b@level@two@skip=\skip50
\e@level@two@skip=\skip51
\b@level@three@skip=\skip52
\e@level@three@skip=\skip53
\b@level@four@skip=\skip54
\e@level@four@skip=\skip55
\b@level@five@skip=\skip56
\e@level@five@skip=\skip57
\c@APAenum=\count88
\@text@par@indent=\skip58
\gr@box=\box26
\gr@boxwidth=\skip59
\gr@boxheight=\skip60

("C:\Program Files\MiKTeX 2.9\tex\latex\tools\bm.sty"
Package: bm 2004/02/26 v1.1c Bold Symbol Support (DPC/FMi)
\symboldoperators=\mathgroup4
\symboldletters=\mathgroup5
\symboldsymbols=\mathgroup6
LaTeX Font Info:    Redeclaring math alphabet \mathbf on input line 137.
LaTeX Info: Redefining \bm on input line 203.
)
\c@appendix=\count89

(C:\Users\Ulf\AppData\Roaming\MiKTeX\2.9\tex\latex\endnotes\endnotes.sty
\c@endnote=\count90
\endnotesep=\dimen103
\@enotes=\write3
)
(C:\Users\Ulf\AppData\Roaming\MiKTeX\2.9\tex\latex\endfloat\endfloat.sty
Package: endfloat 2011/12/25 v2.5d LaTeX2e package puts figures and tables at e
nd (jdm)

("C:\Program Files\MiKTeX 2.9\tex\latex\graphics\keyval.sty"
Package: keyval 2014/05/08 v1.15 key=value parser (DPC)
\KV@toks@=\toks14
)
\c@posttable=\count91
\efloat@postttt=\write4
\@ef@tttopen=\count92
\c@postfigure=\count93
\efloat@postfff=\write5
\@ef@fffopen=\count94
)
(Toelch_weight*of*social*info*lifespan_150127.fff)
(Toelch_weight*of*social*info*lifespan_150127.ttt))
("C:\Program Files\MiKTeX 2.9\tex\latex\graphics\graphicx.sty"
Package: graphicx 2014/04/25 v1.0g Enhanced LaTeX Graphics (DPC,SPQR)

("C:\Program Files\MiKTeX 2.9\tex\latex\graphics\graphics.sty"
Package: graphics 2009/02/05 v1.0o Standard LaTeX Graphics (DPC,SPQR)

("C:\Program Files\MiKTeX 2.9\tex\latex\graphics\trig.sty"
Package: trig 1999/03/16 v1.09 sin cos tan (DPC)
)
("C:\Program Files\MiKTeX 2.9\tex\latex\00miktex\graphics.cfg"
File: graphics.cfg 2007/01/18 v1.5 graphics configuration of teTeX/TeXLive
)
Package graphics Info: Driver file: pdftex.def on input line 91.

("C:\Program Files\MiKTeX 2.9\tex\latex\pdftex-def\pdftex.def"
File: pdftex.def 2011/05/27 v0.06d Graphics/color for pdfTeX

("C:\Program Files\MiKTeX 2.9\tex\generic\oberdiek\infwarerr.sty"
Package: infwarerr 2010/04/08 v1.3 Providing info/warning/error messages (HO)
)
("C:\Program Files\MiKTeX 2.9\tex\generic\oberdiek\ltxcmds.sty"
Package: ltxcmds 2011/11/09 v1.22 LaTeX kernel commands for general use (HO)
)
\Gread@gobject=\count95
))
\Gin@req@height=\dimen104
\Gin@req@width=\dimen105
)
(C:\Users\Ulf\AppData\Roaming\MiKTeX\2.9\tex\latex\pdfpages\pdfpages.sty
Package: pdfpages 2012/08/31 v0.4t Insert pages of external PDF documents (AM)

("C:\Program Files\MiKTeX 2.9\tex\latex\base\ifthen.sty"
Package: ifthen 2001/05/26 v1.1c Standard LaTeX ifthen package (DPC)
)
("C:\Program Files\MiKTeX 2.9\tex\latex\tools\calc.sty"
Package: calc 2007/08/22 v4.3 Infix arithmetic (KKT,FJ)
\calc@Acount=\count96
\calc@Bcount=\count97
\calc@Adimen=\dimen106
\calc@Bdimen=\dimen107
\calc@Askip=\skip61
\calc@Bskip=\skip62
LaTeX Info: Redefining \setlength on input line 75.
LaTeX Info: Redefining \addtolength on input line 76.
\calc@Ccount=\count98
\calc@Cskip=\skip63
)
(C:\Users\Ulf\AppData\Roaming\MiKTeX\2.9\tex\latex\eso-pic\eso-pic.sty
Package: eso-pic 2010/10/06 v2.0c eso-pic (RN)

("C:\Program Files\MiKTeX 2.9\tex\generic\oberdiek\atbegshi.sty"
Package: atbegshi 2011/10/05 v1.16 At begin shipout hook (HO)

("C:\Program Files\MiKTeX 2.9\tex\generic\oberdiek\ifpdf.sty"
Package: ifpdf 2011/01/30 v2.3 Provides the ifpdf switch (HO)
Package ifpdf Info: pdfTeX in PDF mode is detected.
))
(C:\Users\Ulf\AppData\Roaming\MiKTeX\2.9\tex\latex\xcolor\xcolor.sty
Package: xcolor 2007/01/21 v2.11 LaTeX color extensions (UK)

("C:\Program Files\MiKTeX 2.9\tex\latex\00miktex\color.cfg"
File: color.cfg 2007/01/18 v1.5 color configuration of teTeX/TeXLive
)
Package xcolor Info: Driver file: pdftex.def on input line 225.
Package xcolor Info: Model `cmy' substituted by `cmy0' on input line 1337.
Package xcolor Info: Model `hsb' substituted by `rgb' on input line 1341.
Package xcolor Info: Model `RGB' extended on input line 1353.
Package xcolor Info: Model `HTML' substituted by `rgb' on input line 1355.
Package xcolor Info: Model `Hsb' substituted by `hsb' on input line 1356.
Package xcolor Info: Model `tHsb' substituted by `hsb' on input line 1357.
Package xcolor Info: Model `HSB' substituted by `hsb' on input line 1358.
Package xcolor Info: Model `Gray' substituted by `gray' on input line 1359.
Package xcolor Info: Model `wave' substituted by `hsb' on input line 1360.
))
(C:\Users\Ulf\AppData\Roaming\MiKTeX\2.9\tex\latex\pdfpages\pppdftex.def
File: pppdftex.def 2012/08/31 v0.4t Pdfpages driver for pdfTeX (AM)
)
\AM@pagebox=\box27
\AM@toc@title=\toks15
\c@AM@survey=\count99
\AM@templatesizebox=\box28
)
(C:\Users\Ulf\AppData\Roaming\MiKTeX\2.9\tex\latex\preprint\fullpage.sty
Package: fullpage 1999/02/23 1.1 (PWD)
\FP@margin=\skip64
)
("C:\Program Files\MiKTeX 2.9\tex\latex\babel\babel.sty"
Package: babel 2014/03/24 3.9k The Babel package

*************************************
* Local config file bblopts.cfg used
*
("C:\Program Files\MiKTeX 2.9\tex\latex\00miktex\bblopts.cfg"
File: bblopts.cfg 2006/07/31 v1.0 MiKTeX 'babel' configuration
)
("C:\Program Files\MiKTeX 2.9\tex\latex\babel-english\english.ldf"
Language: english 2012/08/20 v3.3p English support from the babel system

("C:\Program Files\MiKTeX 2.9\tex\latex\babel\babel.def"
File: babel.def 2014/03/24 3.9k Babel common definitions
\babel@savecnt=\count100
\U@D=\dimen108
)
\l@canadian = a dialect from \language\l@american 
\l@australian = a dialect from \language\l@british 
\l@newzealand = a dialect from \language\l@british 
))
("C:\Program Files\MiKTeX 2.9\tex\latex\amsmath\amsmath.sty"
Package: amsmath 2013/01/14 v2.14 AMS math features
\@mathmargin=\skip65

For additional information on amsmath, use the `?' option.
("C:\Program Files\MiKTeX 2.9\tex\latex\amsmath\amstext.sty"
Package: amstext 2000/06/29 v2.01

("C:\Program Files\MiKTeX 2.9\tex\latex\amsmath\amsgen.sty"
File: amsgen.sty 1999/11/30 v2.0
\@emptytoks=\toks16
\ex@=\dimen109
))
("C:\Program Files\MiKTeX 2.9\tex\latex\amsmath\amsbsy.sty"
Package: amsbsy 1999/11/29 v1.2d
LaTeX Info: Redefining \boldsymbol on input line 39.
\pmbraise@=\dimen110
)
("C:\Program Files\MiKTeX 2.9\tex\latex\amsmath\amsopn.sty"
Package: amsopn 1999/12/14 v2.01 operator names
)
\inf@bad=\count101
LaTeX Info: Redefining \frac on input line 210.
\uproot@=\count102
\leftroot@=\count103
LaTeX Info: Redefining \overline on input line 306.
\classnum@=\count104
\DOTSCASE@=\count105
LaTeX Info: Redefining \ldots on input line 378.
LaTeX Info: Redefining \dots on input line 381.
LaTeX Info: Redefining \cdots on input line 466.
\Mathstrutbox@=\box29
\strutbox@=\box30
\big@size=\dimen111
LaTeX Font Info:    Redeclaring font encoding OML on input line 566.
LaTeX Font Info:    Redeclaring font encoding OMS on input line 567.
\macc@depth=\count106
\c@MaxMatrixCols=\count107
\dotsspace@=\muskip10
\c@parentequation=\count108
\dspbrk@lvl=\count109
\tag@help=\toks17
\row@=\count110
\column@=\count111
\maxfields@=\count112
\andhelp@=\toks18
\eqnshift@=\dimen112
\alignsep@=\dimen113
\tagshift@=\dimen114
\tagwidth@=\dimen115
\totwidth@=\dimen116
\lineht@=\dimen117
\@envbody=\toks19
\multlinegap=\skip66
\multlinetaggap=\skip67
\mathdisplay@stack=\toks20
LaTeX Info: Redefining \[ on input line 2665.
LaTeX Info: Redefining \] on input line 2666.
)
("C:\Program Files\MiKTeX 2.9\tex\latex\url\url.sty"
\Urlmuskip=\muskip11
Package: url 2013/09/16  ver 3.4  Verb mode for urls, etc.
)
(C:\Users\Ulf\AppData\Roaming\MiKTeX\2.9\tex\latex\fancyhdr\fancyhdr.sty
\fancy@headwidth=\skip68
\f@ncyO@elh=\skip69
\f@ncyO@erh=\skip70
\f@ncyO@olh=\skip71
\f@ncyO@orh=\skip72
\f@ncyO@elf=\skip73
\f@ncyO@erf=\skip74
\f@ncyO@olf=\skip75
\f@ncyO@orf=\skip76
)
("C:\Program Files\MiKTeX 2.9\tex\latex\tools\hhline.sty"
Package: hhline 1994/05/23 v2.03 Table rule package (DPC)
)
("D:\UlfT\Experimente\Human_experiments\social_info\Children_8_10\Toelch_weight
 of social info lifespan_150127.aux")
LaTeX Font Info:    Checking defaults for OML/cmm/m/it on input line 23.
LaTeX Font Info:    ... okay on input line 23.
LaTeX Font Info:    Checking defaults for T1/cmr/m/n on input line 23.
LaTeX Font Info:    ... okay on input line 23.
LaTeX Font Info:    Checking defaults for OT1/cmr/m/n on input line 23.
LaTeX Font Info:    ... okay on input line 23.
LaTeX Font Info:    Checking defaults for OMS/cmsy/m/n on input line 23.
LaTeX Font Info:    ... okay on input line 23.
LaTeX Font Info:    Checking defaults for OMX/cmex/m/n on input line 23.
LaTeX Font Info:    ... okay on input line 23.
LaTeX Font Info:    Checking defaults for U/cmr/m/n on input line 23.
LaTeX Font Info:    ... okay on input line 23.

(C:\Users\Ulf\AppData\Roaming\MiKTeX\2.9\tex\latex\apa\english.apa
File: english.apa 2006/01/01
)
\c@maskedRefs=\count113

(C:\Users\Ulf\AppData\Roaming\MiKTeX\2.9\tex\latex\apacite\english.apc
File: english.apc 2012/02/25 v6.01 apacite language file
LaTeX Info: Redefining \BPBI on input line 129.
LaTeX Info: Redefining \BHBI on input line 130.
)
(C:\Users\Ulf\AppData\Roaming\MiKTeX\2.9\tex\context\base\supp-pdf.mkii
[Loading MPS to PDF converter (version 2006.09.02).]
\scratchcounter=\count114
\scratchdimen=\dimen118
\scratchbox=\box31
\nofMPsegments=\count115
\nofMParguments=\count116
\everyMPshowfont=\toks21
\MPscratchCnt=\count117
\MPscratchDim=\dimen119
\MPnumerator=\count118
\makeMPintoPDFobject=\count119
\everyMPtoPDFconversion=\toks22
)
\AtBeginShipoutBox=\box32


Class apa Warning: Using short title for running head.

[1

{C:/Users/Ulf/AppData/Local/MiKTeX/2.9/pdftex/config/pdftex.map}] [2]
[3] [4] AED endfloat: Processing end Figures and Tables [5]
("D:\UlfT\Experimente\Human_experiments\social_info\Children_8_10\Toelch_weight
 of social info lifespan_150127.ttt")
("D:\UlfT\Experimente\Human_experiments\social_info\Children_8_10\Toelch_weight
 of social info lifespan_150127.lof")
\tf@lof=\write6
 [6



]
("D:\UlfT\Experimente\Human_experiments\social_info\Children_8_10\Toelch_weight
 of social info lifespan_150127.fff" [7

]
<Figure_1.pdf, id=31, 505.89pt x 505.89pt>
File: Figure_1.pdf Graphic file (type pdf)
 <use Figure_1.pdf>
Package pdftex.def Info: Figure_1.pdf used on input line 14.
(pdftex.def)             Requested size: 505.88875pt x 505.88875pt.

Overfull \hbox (36.13373pt too wide) in paragraph at lines 14--17
[][]
 []

[8

 <D:/UlfT/Experimente/Human_experiments/social_info/Children_8_10/Figure_1.pdf>
])
("D:\UlfT\Experimente\Human_experiments\social_info\Children_8_10\Toelch_weight
 of social info lifespan_150127.aux") ) 
Here is how much of TeX's memory you used:
 4614 strings out of 493706
 61374 string characters out of 3144589
 139501 words of memory out of 3000000
 7859 multiletter control sequences out of 15000+200000
 10169 words of font info for 36 fonts, out of 3000000 for 9000
 1025 hyphenation exceptions out of 8191
 37i,6n,43p,1094b,313s stack positions out of 5000i,500n,10000p,200000b,50000s
<C:/Program Files/MiKTeX 2.9/fonts/type1
/public/amsfonts/cm/cmbx10.pfb><C:/Program Files/MiKTeX 2.9/fonts/type1/public/
amsfonts/cm/cmmi10.pfb><C:/Program Files/MiKTeX 2.9/fonts/type1/public/amsfonts
/cm/cmmi8.pfb><C:/Program Files/MiKTeX 2.9/fonts/type1/public/amsfonts/cm/cmr10
.pfb><C:/Program Files/MiKTeX 2.9/fonts/type1/public/amsfonts/cm/cmsy10.pfb><C:
/Program Files/MiKTeX 2.9/fonts/type1/public/amsfonts/cm/cmsy8.pfb><C:/Program 
Files/MiKTeX 2.9/fonts/type1/public/amsfonts/cm/cmti10.pfb>
Output written on "Toelch_weight of social info lifespan_150127.pdf" (8 pages, 
105872 bytes).
PDF statistics:
 65 PDF objects out of 1000 (max. 8388607)
 0 named destinations out of 1000 (max. 500000)
 6 words of extra memory for PDF output out of 10000 (max. 10000000)

